Added Net: Name=+5
Added Net: Name=+5V
Added Net: Name=A0
Added Net: Name=A00
Added Net: Name=A01
Added Net: Name=A1
Added Net: Name=A02
Added Net: Name=A2
Added Net: Name=A3
Added Net: Name=A4
Added Net: Name=A5
Added Net: Name=D0
Added Net: Name=D00
Added Net: Name=D01
Added Net: Name=D1
Added Net: Name=D02
Added Net: Name=D2
Added Net: Name=D03
Added Net: Name=D3
Added Net: Name=D04
Added Net: Name=D4
Added Net: Name=D05
Added Net: Name=D5
Added Net: Name=D06
Added Net: Name=D6
Added Net: Name=D07
Added Net: Name=D7
Added Net: Name=D08
Added Net: Name=D8
Added Net: Name=D09
Added Net: Name=D9
Added Net: Name=D010
Added Net: Name=D10
Added Net: Name=D011
Added Net: Name=D11
Added Net: Name=D12
Added Net: Name=D13
Added Net: Name=GND
Added Class: Name=smarthome_ALL
Added Room: Name=smarthome_ALL
