Removed Pin From Net: NetName=+5 Pin=A01-1
Removed Pin From Net: NetName=+5 Pin=A1-1
Removed Pin From Net: NetName=GND Pin=A01-2
Removed Pin From Net: NetName=GND Pin=A1-2
Removed Pin From Net: NetName=A00 Pin=A02-1
Removed Pin From Net: NetName=A01 Pin=A02-2
Removed Pin From Net: NetName=A02 Pin=A02-3
Removed Pin From Net: NetName=A2 Pin=A2-3
Removed Pin From Net: NetName=A03 Pin=A02-4
Removed Pin From Net: NetName=A3 Pin=A2-4
Removed Pin From Net: NetName=A04 Pin=A02-5
Removed Pin From Net: NetName=A4 Pin=A2-5
Removed Pin From Net: NetName=A05 Pin=A02-6
Removed Pin From Net: NetName=A5 Pin=A2-6
Removed Pin From Net: NetName=D00 Pin=A03-1
Removed Pin From Net: NetName=D0 Pin=A3-1
Removed Pin From Net: NetName=D01 Pin=A03-2
Removed Pin From Net: NetName=D1 Pin=A3-2
Removed Pin From Net: NetName=D02 Pin=A03-3
Removed Pin From Net: NetName=D2 Pin=A3-3
Removed Pin From Net: NetName=D03 Pin=A03-4
Removed Pin From Net: NetName=D3 Pin=A3-4
Removed Pin From Net: NetName=D04 Pin=A03-5
Removed Pin From Net: NetName=D4 Pin=A3-5
Removed Pin From Net: NetName=D05 Pin=A03-6
Removed Pin From Net: NetName=D5 Pin=A3-6
Removed Pin From Net: NetName=D06 Pin=A03-7
Removed Pin From Net: NetName=D6 Pin=A3-7
Removed Pin From Net: NetName=D07 Pin=A03-8
Removed Pin From Net: NetName=D7 Pin=A3-8
Removed Pin From Net: NetName=D08 Pin=A04-1
Removed Pin From Net: NetName=D8 Pin=A4-1
Removed Pin From Net: NetName=D09 Pin=A04-2
Removed Pin From Net: NetName=D9 Pin=A4-2
Removed Pin From Net: NetName=D010 Pin=A04-3
Removed Pin From Net: NetName=D10 Pin=A4-3
Removed Pin From Net: NetName=D011 Pin=A04-4
Removed Pin From Net: NetName=D11 Pin=A4-4
Removed Pin From Net: NetName=D012 Pin=A04-5
Removed Pin From Net: NetName=GND Pin=B1-1
Removed Pin From Net: NetName=D07 Pin=B1-2
Removed Pin From Net: NetName=GND Pin=B2-1
Removed Pin From Net: NetName=D10 Pin=B2-2
Removed Pin From Net: NetName=GND Pin=M2-1
Removed Pin From Net: NetName=+5V Pin=M2-2
Removed Pin From Net: NetName=D2 Pin=M2-3
Removed Pin From Net: NetName=D3 Pin=M2-4
Removed Pin From Net: NetName=D4 Pin=M2-5
Removed Pin From Net: NetName=D5 Pin=M2-6
Removed Pin From Net: NetName=D10 Pin=M2-11
Removed Pin From Net: NetName=D11 Pin=M2-12
Removed Pin From Net: NetName=D12 Pin=M2-13
Removed Pin From Net: NetName=GND Pin=M2-14
Removed Pin From Net: NetName=+5 Pin=M2-15
Removed Pin From Net: NetName=GND Pin=M2-16
Removed Pin From Net: NetName=GND Pin=S1-2
Removed Pin From Net: NetName=+5V Pin=S1-3
Removed Pin From Net: NetName=D01 Pin=S1-4
Added Component: Designator=A01(HDR1X2)
Add component. Clean all parameters for all variants
Add component (AddParameter): Name = "LatestRevisionDate"; Value = "17-Jul-2002"; VariantName = "[No Variations]"
Add component (AddParameter): Name = "LatestRevisionNote"; Value = "Re-released for DXP Platform."; VariantName = "[No Variations]"
Add component (AddParameter): Name = "Publisher"; Value = "Altium Limited"; VariantName = "[No Variations]"
Added Component: Designator=A1(HDR1X2)
Add component. Clean all parameters for all variants
Add component (AddParameter): Name = "LatestRevisionDate"; Value = "17-Jul-2002"; VariantName = "[No Variations]"
Add component (AddParameter): Name = "LatestRevisionNote"; Value = "Re-released for DXP Platform."; VariantName = "[No Variations]"
Add component (AddParameter): Name = "Publisher"; Value = "Altium Limited"; VariantName = "[No Variations]"
Added Component: Designator=A02(HDR1X6)
Add component. Clean all parameters for all variants
Add component (AddParameter): Name = "LatestRevisionDate"; Value = "17-Jul-2002"; VariantName = "[No Variations]"
Add component (AddParameter): Name = "LatestRevisionNote"; Value = "Re-released for DXP Platform."; VariantName = "[No Variations]"
Add component (AddParameter): Name = "Publisher"; Value = "Altium Limited"; VariantName = "[No Variations]"
Added Component: Designator=A2(HDR1X6)
Add component. Clean all parameters for all variants
Add component (AddParameter): Name = "LatestRevisionDate"; Value = "17-Jul-2002"; VariantName = "[No Variations]"
Add component (AddParameter): Name = "LatestRevisionNote"; Value = "Re-released for DXP Platform."; VariantName = "[No Variations]"
Add component (AddParameter): Name = "Publisher"; Value = "Altium Limited"; VariantName = "[No Variations]"
Added Component: Designator=A03(HDR1X8)
Add component. Clean all parameters for all variants
Add component (AddParameter): Name = "LatestRevisionDate"; Value = "17-Jul-2002"; VariantName = "[No Variations]"
Add component (AddParameter): Name = "LatestRevisionNote"; Value = "Re-released for DXP Platform."; VariantName = "[No Variations]"
Add component (AddParameter): Name = "Publisher"; Value = "Altium Limited"; VariantName = "[No Variations]"
Added Component: Designator=A3(HDR1X8)
Add component. Clean all parameters for all variants
Add component (AddParameter): Name = "LatestRevisionDate"; Value = "17-Jul-2002"; VariantName = "[No Variations]"
Add component (AddParameter): Name = "LatestRevisionNote"; Value = "Re-released for DXP Platform."; VariantName = "[No Variations]"
Add component (AddParameter): Name = "Publisher"; Value = "Altium Limited"; VariantName = "[No Variations]"
Added Component: Designator=A04(HDR1X8)
Add component. Clean all parameters for all variants
Add component (AddParameter): Name = "LatestRevisionDate"; Value = "17-Jul-2002"; VariantName = "[No Variations]"
Add component (AddParameter): Name = "LatestRevisionNote"; Value = "Re-released for DXP Platform."; VariantName = "[No Variations]"
Add component (AddParameter): Name = "Publisher"; Value = "Altium Limited"; VariantName = "[No Variations]"
Added Component: Designator=A4(HDR1X8)
Add component. Clean all parameters for all variants
Add component (AddParameter): Name = "LatestRevisionDate"; Value = "17-Jul-2002"; VariantName = "[No Variations]"
Add component (AddParameter): Name = "LatestRevisionNote"; Value = "Re-released for DXP Platform."; VariantName = "[No Variations]"
Add component (AddParameter): Name = "Publisher"; Value = "Altium Limited"; VariantName = "[No Variations]"
Added Component: Designator=B1(HDR1X2)
Add component. Clean all parameters for all variants
Add component (AddParameter): Name = "LatestRevisionDate"; Value = "17-Jul-2002"; VariantName = "[No Variations]"
Add component (AddParameter): Name = "LatestRevisionNote"; Value = "Re-released for DXP Platform."; VariantName = "[No Variations]"
Add component (AddParameter): Name = "Publisher"; Value = "Altium Limited"; VariantName = "[No Variations]"
Added Component: Designator=B2(HDR1X2)
Add component. Clean all parameters for all variants
Add component (AddParameter): Name = "LatestRevisionDate"; Value = "17-Jul-2002"; VariantName = "[No Variations]"
Add component (AddParameter): Name = "LatestRevisionNote"; Value = "Re-released for DXP Platform."; VariantName = "[No Variations]"
Add component (AddParameter): Name = "Publisher"; Value = "Altium Limited"; VariantName = "[No Variations]"
Added Component: Designator=M2(HDR1X16)
Add component. Clean all parameters for all variants
Add component (AddParameter): Name = "LatestRevisionDate"; Value = "17-Jul-2002"; VariantName = "[No Variations]"
Add component (AddParameter): Name = "LatestRevisionNote"; Value = "Re-released for DXP Platform."; VariantName = "[No Variations]"
Add component (AddParameter): Name = "Publisher"; Value = "Altium Limited"; VariantName = "[No Variations]"
Added Component: Designator=S1(HDR1X4)
Add component. Clean all parameters for all variants
Add component (AddParameter): Name = "LatestRevisionDate"; Value = "17-Jul-2002"; VariantName = "[No Variations]"
Add component (AddParameter): Name = "LatestRevisionNote"; Value = "Re-released for DXP Platform."; VariantName = "[No Variations]"
Add component (AddParameter): Name = "Publisher"; Value = "Altium Limited"; VariantName = "[No Variations]"
Added Pin To Net: NetName=+5 Pin=A01-1
Added Pin To Net: NetName=+5 Pin=A1-1
Added Pin To Net: NetName=GND Pin=A01-2
Added Pin To Net: NetName=GND Pin=A1-2
Added Pin To Net: NetName=A00 Pin=A02-1
Added Pin To Net: NetName=A0 Pin=A2-2
Added Pin To Net: NetName=A01 Pin=A02-2
Added Pin To Net: NetName=A02 Pin=A02-3
Added Pin To Net: NetName=A2 Pin=A2-3
Added Pin To Net: NetName=A03 Pin=A02-4
Added Pin To Net: NetName=A3 Pin=A2-4
Added Pin To Net: NetName=A04 Pin=A02-5
Added Pin To Net: NetName=A4 Pin=A2-5
Added Pin To Net: NetName=A05 Pin=A02-6
Added Pin To Net: NetName=A5 Pin=A2-6
Added Pin To Net: NetName=D00 Pin=A03-1
Added Pin To Net: NetName=D0 Pin=A3-1
Added Pin To Net: NetName=D01 Pin=A03-2
Added Pin To Net: NetName=D1 Pin=A3-2
Added Pin To Net: NetName=D02 Pin=A03-3
Added Pin To Net: NetName=D2 Pin=A3-3
Added Pin To Net: NetName=D03 Pin=A03-4
Added Pin To Net: NetName=D3 Pin=A3-4
Added Pin To Net: NetName=D04 Pin=A03-5
Added Pin To Net: NetName=D4 Pin=A3-5
Added Pin To Net: NetName=D05 Pin=A03-6
Added Pin To Net: NetName=D5 Pin=A3-6
Added Pin To Net: NetName=D06 Pin=A03-7
Added Pin To Net: NetName=D6 Pin=A3-7
Added Pin To Net: NetName=D07 Pin=A03-8
Added Pin To Net: NetName=D7 Pin=A3-8
Added Pin To Net: NetName=D08 Pin=A04-1
Added Pin To Net: NetName=D8 Pin=A4-1
Added Pin To Net: NetName=D09 Pin=A04-2
Added Pin To Net: NetName=D9 Pin=A4-2
Added Pin To Net: NetName=D010 Pin=A04-3
Added Pin To Net: NetName=D10 Pin=A4-3
Added Pin To Net: NetName=D011 Pin=A04-4
Added Pin To Net: NetName=D11 Pin=A4-4
Added Pin To Net: NetName=D012 Pin=A04-5
Added Pin To Net: NetName=GND Pin=B1-1
Added Pin To Net: NetName=D07 Pin=B1-2
Added Pin To Net: NetName=GND Pin=B2-1
Added Pin To Net: NetName=D10 Pin=B2-2
Added Pin To Net: NetName=GND Pin=M2-1
Added Pin To Net: NetName=+5V Pin=M2-2
Added Pin To Net: NetName=D2 Pin=M2-3
Added Pin To Net: NetName=D3 Pin=M2-4
Added Pin To Net: NetName=D4 Pin=M2-5
Added Pin To Net: NetName=D5 Pin=M2-6
Added Pin To Net: NetName=D10 Pin=M2-11
Added Pin To Net: NetName=D11 Pin=M2-12
Added Pin To Net: NetName=D12 Pin=M2-13
Added Pin To Net: NetName=GND Pin=M2-14
Added Pin To Net: NetName=+5 Pin=M2-15
Added Pin To Net: NetName=GND Pin=M2-16
Added Pin To Net: NetName=GND Pin=S1-2
Added Pin To Net: NetName=+5V Pin=S1-3
Added Pin To Net: NetName=D01 Pin=S1-4
Added Room: Name=smarthome_ALL
