Added Component: Designator=A01(HDR1X2H)
Add component. Clean all parameters for all variants
Add component (AddParameter): Name = "LatestRevisionDate"; Value = "17-Jul-2002"; VariantName = "[No Variations]"
Add component (AddParameter): Name = "LatestRevisionNote"; Value = "Re-released for DXP Platform."; VariantName = "[No Variations]"
Add component (AddParameter): Name = "Publisher"; Value = "Altium Limited"; VariantName = "[No Variations]"
Added Component: Designator=A02(HDR1X6H)
Add component. Clean all parameters for all variants
Add component (AddParameter): Name = "LatestRevisionDate"; Value = "17-Jul-2002"; VariantName = "[No Variations]"
Add component (AddParameter): Name = "LatestRevisionNote"; Value = "Re-released for DXP Platform."; VariantName = "[No Variations]"
Add component (AddParameter): Name = "Publisher"; Value = "Altium Limited"; VariantName = "[No Variations]"
Added Component: Designator=A03(HDR1X8H)
Add component. Clean all parameters for all variants
Add component (AddParameter): Name = "LatestRevisionDate"; Value = "17-Jul-2002"; VariantName = "[No Variations]"
Add component (AddParameter): Name = "LatestRevisionNote"; Value = "Re-released for DXP Platform."; VariantName = "[No Variations]"
Add component (AddParameter): Name = "Publisher"; Value = "Altium Limited"; VariantName = "[No Variations]"
Added Component: Designator=A04(HDR1X8H)
Add component. Clean all parameters for all variants
Add component (AddParameter): Name = "LatestRevisionDate"; Value = "17-Jul-2002"; VariantName = "[No Variations]"
Add component (AddParameter): Name = "LatestRevisionNote"; Value = "Re-released for DXP Platform."; VariantName = "[No Variations]"
Add component (AddParameter): Name = "Publisher"; Value = "Altium Limited"; VariantName = "[No Variations]"
Added Component: Designator=A?(HDR1X8H)
Add component. Clean all parameters for all variants
Add component (AddParameter): Name = "LatestRevisionDate"; Value = "17-Jul-2002"; VariantName = "[No Variations]"
Add component (AddParameter): Name = "LatestRevisionNote"; Value = "Re-released for DXP Platform."; VariantName = "[No Variations]"
Add component (AddParameter): Name = "Publisher"; Value = "Altium Limited"; VariantName = "[No Variations]"
Added Component: Designator=A?(HDR1X2H)
Add component. Clean all parameters for all variants
Add component (AddParameter): Name = "LatestRevisionDate"; Value = "17-Jul-2002"; VariantName = "[No Variations]"
Add component (AddParameter): Name = "LatestRevisionNote"; Value = "Re-released for DXP Platform."; VariantName = "[No Variations]"
Add component (AddParameter): Name = "Publisher"; Value = "Altium Limited"; VariantName = "[No Variations]"
Added Component: Designator=A?(HDR1X8H)
Add component. Clean all parameters for all variants
Add component (AddParameter): Name = "LatestRevisionDate"; Value = "17-Jul-2002"; VariantName = "[No Variations]"
Add component (AddParameter): Name = "LatestRevisionNote"; Value = "Re-released for DXP Platform."; VariantName = "[No Variations]"
Add component (AddParameter): Name = "Publisher"; Value = "Altium Limited"; VariantName = "[No Variations]"
Added Component: Designator=A?(HDR1X6H)
Add component. Clean all parameters for all variants
Add component (AddParameter): Name = "LatestRevisionDate"; Value = "17-Jul-2002"; VariantName = "[No Variations]"
Add component (AddParameter): Name = "LatestRevisionNote"; Value = "Re-released for DXP Platform."; VariantName = "[No Variations]"
Add component (AddParameter): Name = "Publisher"; Value = "Altium Limited"; VariantName = "[No Variations]"
Added Component: Designator=B1(HDR1X2H)
Add component. Clean all parameters for all variants
Add component (AddParameter): Name = "LatestRevisionDate"; Value = "17-Jul-2002"; VariantName = "[No Variations]"
Add component (AddParameter): Name = "LatestRevisionNote"; Value = "Re-released for DXP Platform."; VariantName = "[No Variations]"
Add component (AddParameter): Name = "Publisher"; Value = "Altium Limited"; VariantName = "[No Variations]"
Added Component: Designator=B2(HDR1X2H)
Add component. Clean all parameters for all variants
Add component (AddParameter): Name = "LatestRevisionDate"; Value = "17-Jul-2002"; VariantName = "[No Variations]"
Add component (AddParameter): Name = "LatestRevisionNote"; Value = "Re-released for DXP Platform."; VariantName = "[No Variations]"
Add component (AddParameter): Name = "Publisher"; Value = "Altium Limited"; VariantName = "[No Variations]"
Added Component: Designator=M1(HDR1X4)
Add component. Clean all parameters for all variants
Add component (AddParameter): Name = "LatestRevisionDate"; Value = "17-Jul-2002"; VariantName = "[No Variations]"
Add component (AddParameter): Name = "LatestRevisionNote"; Value = "Re-released for DXP Platform."; VariantName = "[No Variations]"
Add component (AddParameter): Name = "Publisher"; Value = "Altium Limited"; VariantName = "[No Variations]"
Added Component: Designator=M2(HDR1X16H)
Add component. Clean all parameters for all variants
Add component (AddParameter): Name = "LatestRevisionDate"; Value = "17-Jul-2002"; VariantName = "[No Variations]"
Add component (AddParameter): Name = "LatestRevisionNote"; Value = "Re-released for DXP Platform."; VariantName = "[No Variations]"
Add component (AddParameter): Name = "Publisher"; Value = "Altium Limited"; VariantName = "[No Variations]"
Added Component: Designator=M3(HDR1X4)
Add component. Clean all parameters for all variants
Add component (AddParameter): Name = "LatestRevisionDate"; Value = "17-Jul-2002"; VariantName = "[No Variations]"
Add component (AddParameter): Name = "LatestRevisionNote"; Value = "Re-released for DXP Platform."; VariantName = "[No Variations]"
Add component (AddParameter): Name = "Publisher"; Value = "Altium Limited"; VariantName = "[No Variations]"
Added Component: Designator=M4(HDR1X3)
Add component. Clean all parameters for all variants
Add component (AddParameter): Name = "LatestRevisionDate"; Value = "17-Jul-2002"; VariantName = "[No Variations]"
Add component (AddParameter): Name = "LatestRevisionNote"; Value = "Re-released for DXP Platform."; VariantName = "[No Variations]"
Add component (AddParameter): Name = "Publisher"; Value = "Altium Limited"; VariantName = "[No Variations]"
Added Component: Designator=M6(HDR1X4)
Add component. Clean all parameters for all variants
Add component (AddParameter): Name = "LatestRevisionDate"; Value = "17-Jul-2002"; VariantName = "[No Variations]"
Add component (AddParameter): Name = "LatestRevisionNote"; Value = "Re-released for DXP Platform."; VariantName = "[No Variations]"
Add component (AddParameter): Name = "Publisher"; Value = "Altium Limited"; VariantName = "[No Variations]"
Added Component: Designator=M?(HDR1X4)
Add component. Clean all parameters for all variants
Add component (AddParameter): Name = "LatestRevisionDate"; Value = "17-Jul-2002"; VariantName = "[No Variations]"
Add component (AddParameter): Name = "LatestRevisionNote"; Value = "Re-released for DXP Platform."; VariantName = "[No Variations]"
Add component (AddParameter): Name = "Publisher"; Value = "Altium Limited"; VariantName = "[No Variations]"
Added Component: Designator=M?(HDR1X6)
Add component. Clean all parameters for all variants
Add component (AddParameter): Name = "LatestRevisionDate"; Value = "17-Jul-2002"; VariantName = "[No Variations]"
Add component (AddParameter): Name = "LatestRevisionNote"; Value = "Re-released for DXP Platform."; VariantName = "[No Variations]"
Add component (AddParameter): Name = "Publisher"; Value = "Altium Limited"; VariantName = "[No Variations]"
Added Component: Designator=S1(HDR1X4H)
Add component. Clean all parameters for all variants
Add component (AddParameter): Name = "LatestRevisionDate"; Value = "17-Jul-2002"; VariantName = "[No Variations]"
Add component (AddParameter): Name = "LatestRevisionNote"; Value = "Re-released for DXP Platform."; VariantName = "[No Variations]"
Add component (AddParameter): Name = "Publisher"; Value = "Altium Limited"; VariantName = "[No Variations]"
Added Component: Designator=S2(HDR1X6)
Add component. Clean all parameters for all variants
Add component (AddParameter): Name = "LatestRevisionDate"; Value = "17-Jul-2002"; VariantName = "[No Variations]"
Add component (AddParameter): Name = "LatestRevisionNote"; Value = "Re-released for DXP Platform."; VariantName = "[No Variations]"
Add component (AddParameter): Name = "Publisher"; Value = "Altium Limited"; VariantName = "[No Variations]"
Added Component: Designator=S3(HDR1X3)
Add component. Clean all parameters for all variants
Add component (AddParameter): Name = "LatestRevisionDate"; Value = "17-Jul-2002"; VariantName = "[No Variations]"
Add component (AddParameter): Name = "LatestRevisionNote"; Value = "Re-released for DXP Platform."; VariantName = "[No Variations]"
Add component (AddParameter): Name = "Publisher"; Value = "Altium Limited"; VariantName = "[No Variations]"
Added Component: Designator=S4(HDR1X3)
Add component. Clean all parameters for all variants
Add component (AddParameter): Name = "LatestRevisionDate"; Value = "17-Jul-2002"; VariantName = "[No Variations]"
Add component (AddParameter): Name = "LatestRevisionNote"; Value = "Re-released for DXP Platform."; VariantName = "[No Variations]"
Add component (AddParameter): Name = "Publisher"; Value = "Altium Limited"; VariantName = "[No Variations]"
Added Pin To Net: NetName=+5 Pin=A01-1
Added Pin To Net: NetName=GND Pin=A01-2
Added Pin To Net: NetName=A00 Pin=A02-1
Added Pin To Net: NetName=A01 Pin=A02-2
Added Pin To Net: NetName=A02 Pin=A02-3
Added Pin To Net: NetName=D00 Pin=A03-1
Added Pin To Net: NetName=D01 Pin=A03-2
Added Pin To Net: NetName=D02 Pin=A03-3
Added Pin To Net: NetName=D03 Pin=A03-4
Added Pin To Net: NetName=D04 Pin=A03-5
Added Pin To Net: NetName=D05 Pin=A03-6
Added Pin To Net: NetName=D06 Pin=A03-7
Added Pin To Net: NetName=D07 Pin=A03-8
Added Pin To Net: NetName=D08 Pin=A04-1
Added Pin To Net: NetName=D09 Pin=A04-2
Added Pin To Net: NetName=D010 Pin=A04-3
Added Pin To Net: NetName=D011 Pin=A04-4
Added Pin To Net: NetName=+5 Pin=A?-1
Added Pin To Net: NetName=D0 Pin=A?-1
Added Pin To Net: NetName=D8 Pin=A?-1
Added Pin To Net: NetName=D1 Pin=A?-2
Added Pin To Net: NetName=D9 Pin=A?-2
Added Pin To Net: NetName=GND Pin=A?-2
Added Pin To Net: NetName=A2 Pin=A?-3
Added Pin To Net: NetName=D2 Pin=A?-3
Added Pin To Net: NetName=D10 Pin=A?-3
Added Pin To Net: NetName=A3 Pin=A?-4
Added Pin To Net: NetName=D3 Pin=A?-4
Added Pin To Net: NetName=D11 Pin=A?-4
Added Pin To Net: NetName=A4 Pin=A?-5
Added Pin To Net: NetName=D4 Pin=A?-5
Added Pin To Net: NetName=A5 Pin=A?-6
Added Pin To Net: NetName=D5 Pin=A?-6
Added Pin To Net: NetName=D6 Pin=A?-7
Added Pin To Net: NetName=D7 Pin=A?-8
Added Pin To Net: NetName=GND Pin=B1-1
Added Pin To Net: NetName=D07 Pin=B1-2
Added Pin To Net: NetName=GND Pin=B2-1
Added Pin To Net: NetName=D10 Pin=B2-2
Added Pin To Net: NetName=GND Pin=M1-1
Added Pin To Net: NetName=A02 Pin=M1-2
Added Pin To Net: NetName=A01 Pin=M1-3
Added Pin To Net: NetName=A00 Pin=M1-4
Added Pin To Net: NetName=GND Pin=M2-1
Added Pin To Net: NetName=+5V Pin=M2-2
Added Pin To Net: NetName=D2 Pin=M2-3
Added Pin To Net: NetName=D3 Pin=M2-4
Added Pin To Net: NetName=D4 Pin=M2-5
Added Pin To Net: NetName=D5 Pin=M2-6
Added Pin To Net: NetName=D10 Pin=M2-11
Added Pin To Net: NetName=D11 Pin=M2-12
Added Pin To Net: NetName=D12 Pin=M2-13
Added Pin To Net: NetName=GND Pin=M2-14
Added Pin To Net: NetName=+5 Pin=M2-15
Added Pin To Net: NetName=GND Pin=M2-16
Added Pin To Net: NetName=GND Pin=M3-1
Added Pin To Net: NetName=D13 Pin=M3-2
Added Pin To Net: NetName=D1 Pin=M3-3
Added Pin To Net: NetName=D0 Pin=M3-4
Added Pin To Net: NetName=GND Pin=M4-1
Added Pin To Net: NetName=A0 Pin=M4-2
Added Pin To Net: NetName=+5 Pin=M4-3
Added Pin To Net: NetName=A1 Pin=M6-1
Added Pin To Net: NetName=GND Pin=M6-3
Added Pin To Net: NetName=+5 Pin=M6-4
Added Pin To Net: NetName=D08 Pin=M?-1
Added Pin To Net: NetName=GND Pin=M?-1
Added Pin To Net: NetName=+5V Pin=M?-2
Added Pin To Net: NetName=D09 Pin=M?-2
Added Pin To Net: NetName=A2 Pin=M?-3
Added Pin To Net: NetName=GND Pin=M?-3
Added Pin To Net: NetName=+5 Pin=M?-4
Added Pin To Net: NetName=A3 Pin=M?-4
Added Pin To Net: NetName=A4 Pin=M?-5
Added Pin To Net: NetName=A5 Pin=M?-6
Added Pin To Net: NetName=GND Pin=S1-2
Added Pin To Net: NetName=+5V Pin=S1-3
Added Pin To Net: NetName=D01 Pin=S1-4
Added Pin To Net: NetName=D05 Pin=S2-1
Added Pin To Net: NetName=D04 Pin=S2-2
Added Pin To Net: NetName=D03 Pin=S2-3
Added Pin To Net: NetName=D02 Pin=S2-4
Added Pin To Net: NetName=GND Pin=S2-5
Added Pin To Net: NetName=+5 Pin=S2-6
Added Pin To Net: NetName=GND Pin=S3-1
Added Pin To Net: NetName=+5 Pin=S3-3
Added Pin To Net: NetName=GND Pin=S4-1
Added Pin To Net: NetName=+5 Pin=S4-3
Added Pin To Net: NetName=A03 Pin=A02-4
Added Net: Name=A03
Added Pin To Net: NetName=A04 Pin=A02-5
Added Net: Name=A04
Added Pin To Net: NetName=A05 Pin=A02-6
Added Net: Name=A05
Added Pin To Net: NetName=D012 Pin=A04-5
Added Net: Name=D012
Added Member To Class: ClassName=smarthome_ALL Member=Component A01 ARD1(Power)
Added Member To Class: ClassName=smarthome_ALL Member=Component A02 ARD1(Analog)
Added Member To Class: ClassName=smarthome_ALL Member=Component A03 ARD1(Digital)
Added Member To Class: ClassName=smarthome_ALL Member=Component A04 ARD1(Digital2)
Added Member To Class: ClassName=smarthome_ALL Member=Component A? ARD2(Digital2)
Added Member To Class: ClassName=smarthome_ALL Member=Component A? ARD2(Power)
Added Member To Class: ClassName=smarthome_ALL Member=Component A? ARD2(Digital)
Added Member To Class: ClassName=smarthome_ALL Member=Component A? ARD2(Analog)
Added Member To Class: ClassName=smarthome_ALL Member=Component B1 Buzzer
Added Member To Class: ClassName=smarthome_ALL Member=Component B2 Buzzer
Added Member To Class: ClassName=smarthome_ALL Member=Component M1 RGB
Added Member To Class: ClassName=smarthome_ALL Member=Component M2 1602 LCD
Added Member To Class: ClassName=smarthome_ALL Member=Component M3 RGB
Added Member To Class: ClassName=smarthome_ALL Member=Component M4 LM35
Added Member To Class: ClassName=smarthome_ALL Member=Component M6 SZH-SSBH-011
Added Member To Class: ClassName=smarthome_ALL Member=Component M? ELB080005 LED
Added Member To Class: ClassName=smarthome_ALL Member=Component M? Steppervmotor
Added Member To Class: ClassName=smarthome_ALL Member=Component S1 SZH-EK105
Added Member To Class: ClassName=smarthome_ALL Member=Component S2 SZH_SSBH_006
Added Member To Class: ClassName=smarthome_ALL Member=Component S3 SZH_052
Added Member To Class: ClassName=smarthome_ALL Member=Component S4 SZH_052
Added Room: Name=smarthome_ALL
